app/build/intermediates/manifest_merge_blame_file/debug/manifest-merger-blame-debug-report.txt
1<?xml version="1.0" encoding="utf-8"?>
2<manifest xmlns:android="http://schemas.android.com/apk/res/android"
3    package="com.example.acousticguard"
4    android:versionCode="1"
5    android:versionName="1.0" >
6
7    <uses-sdk
8        android:minSdkVersion="24"
9        android:targetSdkVersion="34" />
10
11    <uses-permission android:name="android.permission.RECORD_AUDIO" />
11-->src\main\AndroidManifest.xml:5:5-71
11-->src\main\AndroidManifest.xml:5:22-68
12    <uses-permission android:name="android.permission.FOREGROUND_SERVICE" />
12-->src\main\AndroidManifest.xml:6:5-77
12-->src\main\AndroidManifest.xml:6:22-74
13    <uses-permission android:name="android.permission.FOREGROUND_SERVICE_MICROPHONE" />
13-->src\main\AndroidManifest.xml:7:5-88
13-->src\main\AndroidManifest.xml:7:22-85
14    <uses-permission android:name="android.permission.ACCESS_COARSE_LOCATION" />
14-->src\main\AndroidManifest.xml:8:5-81
14-->src\main\AndroidManifest.xml:8:22-78
15    <uses-permission android:name="android.permission.ACCESS_FINE_LOCATION" />
15-->src\main\AndroidManifest.xml:9:5-79
15-->src\main\AndroidManifest.xml:9:22-76
16    <uses-permission android:name="android.permission.SEND_SMS" />
16-->src\main\AndroidManifest.xml:10:5-67
16-->src\main\AndroidManifest.xml:10:22-64
17    <uses-permission android:name="android.permission.POST_NOTIFICATIONS" />
17-->src\main\AndroidManifest.xml:11:5-77
17-->src\main\AndroidManifest.xml:11:22-74
18
19    <permission
19-->[androidx.core:core:1.12.0] AndroidManifest.xml:22:5-24:47
20        android:name="com.example.acousticguard.DYNAMIC_RECEIVER_NOT_EXPORTED_PERMISSION"
20-->[androidx.core:core:1.12.0] AndroidManifest.xml:23:9-81
21        android:protectionLevel="signature" />
21-->[androidx.core:core:1.12.0] AndroidManifest.xml:24:9-44
22
23    <uses-permission android:name="com.example.acousticguard.DYNAMIC_RECEIVER_NOT_EXPORTED_PERMISSION" />
23-->[androidx.core:core:1.12.0] AndroidManifest.xml:26:5-97
23-->[androidx.core:core:1.12.0] AndroidManifest.xml:26:22-94
24
25    <application
25-->src\main\AndroidManifest.xml:13:5-37:19
26        android:allowBackup="true"
26-->src\main\AndroidManifest.xml:14:9-35
27        android:appComponentFactory="androidx.core.app.CoreComponentFactory"
27-->[androidx.core:core:1.12.0] AndroidManifest.xml:28:18-86
28        android:dataExtractionRules="@xml/data_extraction_rules"
28-->src\main\AndroidManifest.xml:15:9-65
29        android:debuggable="true"
30        android:extractNativeLibs="false"
31        android:fullBackupContent="@xml/backup_rules"
31-->src\main\AndroidManifest.xml:16:9-54
32        android:icon="@mipmap/ic_launcher"
32-->src\main\AndroidManifest.xml:17:9-43
33        android:label="@string/app_name"
33-->src\main\AndroidManifest.xml:18:9-41
34        android:roundIcon="@mipmap/ic_launcher_round"
34-->src\main\AndroidManifest.xml:19:9-54
35        android:supportsRtl="true"
35-->src\main\AndroidManifest.xml:20:9-35
36        android:theme="@style/Theme.AcousticGuard" >
36-->src\main\AndroidManifest.xml:21:9-51
37        <activity
37-->src\main\AndroidManifest.xml:24:9-31:20
38            android:name="com.example.acousticguard.MainActivity"
38-->src\main\AndroidManifest.xml:25:13-41
39            android:exported="true" >
39-->src\main\AndroidManifest.xml:26:13-36
40            <intent-filter>
40-->src\main\AndroidManifest.xml:27:13-30:29
41                <action android:name="android.intent.action.MAIN" />
41-->src\main\AndroidManifest.xml:28:17-69
41-->src\main\AndroidManifest.xml:28:25-66
42
43                <category android:name="android.intent.category.LAUNCHER" />
43-->src\main\AndroidManifest.xml:29:17-77
43-->src\main\AndroidManifest.xml:29:27-74
44            </intent-filter>
45        </activity>
46
47        <service
47-->src\main\AndroidManifest.xml:33:9-36:40
48            android:name="com.example.acousticguard.AudioDetectionService"
48-->src\main\AndroidManifest.xml:34:13-50
49            android:exported="false"
49-->src\main\AndroidManifest.xml:36:13-37
50            android:foregroundServiceType="microphone" />
50-->src\main\AndroidManifest.xml:35:13-55
51
52        <provider
52-->[androidx.emoji2:emoji2:1.2.0] AndroidManifest.xml:24:9-32:20
53            android:name="androidx.startup.InitializationProvider"
53-->[androidx.emoji2:emoji2:1.2.0] AndroidManifest.xml:25:13-67
54            android:authorities="com.example.acousticguard.androidx-startup"
54-->[androidx.emoji2:emoji2:1.2.0] AndroidManifest.xml:26:13-68
55            android:exported="false" >
55-->[androidx.emoji2:emoji2:1.2.0] AndroidManifest.xml:27:13-37
56            <meta-data
56-->[androidx.emoji2:emoji2:1.2.0] AndroidManifest.xml:29:13-31:52
57                android:name="androidx.emoji2.text.EmojiCompatInitializer"
57-->[androidx.emoji2:emoji2:1.2.0] AndroidManifest.xml:30:17-75
58                android:value="androidx.startup" />
58-->[androidx.emoji2:emoji2:1.2.0] AndroidManifest.xml:31:17-49
59            <meta-data
59-->[androidx.lifecycle:lifecycle-process:2.6.1] AndroidManifest.xml:29:13-31:52
60                android:name="androidx.lifecycle.ProcessLifecycleInitializer"
60-->[androidx.lifecycle:lifecycle-process:2.6.1] AndroidManifest.xml:30:17-78
61                android:value="androidx.startup" />
61-->[androidx.lifecycle:lifecycle-process:2.6.1] AndroidManifest.xml:31:17-49
62            <meta-data
62-->[androidx.profileinstaller:profileinstaller:1.3.0] AndroidManifest.xml:29:13-31:52
63                android:name="androidx.profileinstaller.ProfileInstallerInitializer"
63-->[androidx.profileinstaller:profileinstaller:1.3.0] AndroidManifest.xml:30:17-85
64                android:value="androidx.startup" />
64-->[androidx.profileinstaller:profileinstaller:1.3.0] AndroidManifest.xml:31:17-49
65        </provider>
66
67        <receiver
67-->[androidx.profileinstaller:profileinstaller:1.3.0] AndroidManifest.xml:34:9-52:20
68            android:name="androidx.profileinstaller.ProfileInstallReceiver"
68-->[androidx.profileinstaller:profileinstaller:1.3.0] AndroidManifest.xml:35:13-76
69            android:directBootAware="false"
69-->[androidx.profileinstaller:profileinstaller:1.3.0] AndroidManifest.xml:36:13-44
70            android:enabled="true"
70-->[androidx.profileinstaller:profileinstaller:1.3.0] AndroidManifest.xml:37:13-35
71            android:exported="true"
71-->[androidx.profileinstaller:profileinstaller:1.3.0] AndroidManifest.xml:38:13-36
72            android:permission="android.permission.DUMP" >
72-->[androidx.profileinstaller:profileinstaller:1.3.0] AndroidManifest.xml:39:13-57
73            <intent-filter>
73-->[androidx.profileinstaller:profileinstaller:1.3.0] AndroidManifest.xml:40:13-42:29
74                <action android:name="androidx.profileinstaller.action.INSTALL_PROFILE" />
74-->[androidx.profileinstaller:profileinstaller:1.3.0] AndroidManifest.xml:41:17-91
74-->[androidx.profileinstaller:profileinstaller:1.3.0] AndroidManifest.xml:41:25-88
75            </intent-filter>
76            <intent-filter>
76-->[androidx.profileinstaller:profileinstaller:1.3.0] AndroidManifest.xml:43:13-45:29
77                <action android:name="androidx.profileinstaller.action.SKIP_FILE" />
77-->[androidx.profileinstaller:profileinstaller:1.3.0] AndroidManifest.xml:44:17-85
77-->[androidx.profileinstaller:profileinstaller:1.3.0] AndroidManifest.xml:44:25-82
78            </intent-filter>
79            <intent-filter>
79-->[androidx.profileinstaller:profileinstaller:1.3.0] AndroidManifest.xml:46:13-48:29
80                <action android:name="androidx.profileinstaller.action.SAVE_PROFILE" />
80-->[androidx.profileinstaller:profileinstaller:1.3.0] AndroidManifest.xml:47:17-88
80-->[androidx.profileinstaller:profileinstaller:1.3.0] AndroidManifest.xml:47:25-85
81            </intent-filter>
82            <intent-filter>
82-->[androidx.profileinstaller:profileinstaller:1.3.0] AndroidManifest.xml:49:13-51:29
83                <action android:name="androidx.profileinstaller.action.BENCHMARK_OPERATION" />
83-->[androidx.profileinstaller:profileinstaller:1.3.0] AndroidManifest.xml:50:17-95
83-->[androidx.profileinstaller:profileinstaller:1.3.0] AndroidManifest.xml:50:25-92
84            </intent-filter>
85        </receiver>
86    </application>
87
88</manifest>